  CrossingRoadGame.cpp
C:\Users\Nhat Quang\Documents\Projects\Github\OOP-Crossing-Road\CrossingRoad\CrossingRoad\Lane.h(16,21): warning C4018: '<': signed/unsigned mismatch
C:\Users\Nhat Quang\Documents\Projects\Github\OOP-Crossing-Road\CrossingRoad\CrossingRoad\Lane.h(22,21): warning C4018: '<': signed/unsigned mismatch
  Frog.cpp
  Lane.cpp
C:\Users\Nhat Quang\Documents\Projects\Github\OOP-Crossing-Road\CrossingRoad\CrossingRoad\Lane.h(16,21): warning C4018: '<': signed/unsigned mismatch
C:\Users\Nhat Quang\Documents\Projects\Github\OOP-Crossing-Road\CrossingRoad\CrossingRoad\Lane.h(22,21): warning C4018: '<': signed/unsigned mismatch
  Player.cpp
  River.cpp
C:\Users\Nhat Quang\Documents\Projects\Github\OOP-Crossing-Road\CrossingRoad\CrossingRoad\Lane.h(16,21): warning C4018: '<': signed/unsigned mismatch
C:\Users\Nhat Quang\Documents\Projects\Github\OOP-Crossing-Road\CrossingRoad\CrossingRoad\Lane.h(22,21): warning C4018: '<': signed/unsigned mismatch
  Road.cpp
C:\Users\Nhat Quang\Documents\Projects\Github\OOP-Crossing-Road\CrossingRoad\CrossingRoad\Lane.h(16,21): warning C4018: '<': signed/unsigned mismatch
C:\Users\Nhat Quang\Documents\Projects\Github\OOP-Crossing-Road\CrossingRoad\CrossingRoad\Lane.h(22,21): warning C4018: '<': signed/unsigned mismatch
  RoadTile.cpp
  StateMenu.cpp
C:\Users\Nhat Quang\Documents\Projects\Github\OOP-Crossing-Road\CrossingRoad\CrossingRoad\Lane.h(16,21): warning C4018: '<': signed/unsigned mismatch
C:\Users\Nhat Quang\Documents\Projects\Github\OOP-Crossing-Road\CrossingRoad\CrossingRoad\Lane.h(22,21): warning C4018: '<': signed/unsigned mismatch
  StatePlay.cpp
C:\Users\Nhat Quang\Documents\Projects\Github\OOP-Crossing-Road\CrossingRoad\CrossingRoad\Lane.h(16,21): warning C4018: '<': signed/unsigned mismatch
C:\Users\Nhat Quang\Documents\Projects\Github\OOP-Crossing-Road\CrossingRoad\CrossingRoad\Lane.h(22,21): warning C4018: '<': signed/unsigned mismatch
C:\Users\Nhat Quang\Documents\Projects\Github\OOP-Crossing-Road\CrossingRoad\CrossingRoad\StatePlay.cpp(36,20): warning C4018: '<': signed/unsigned mismatch
C:\Users\Nhat Quang\Documents\Projects\Github\OOP-Crossing-Road\CrossingRoad\CrossingRoad\StatePlay.cpp(46,20): warning C4018: '<': signed/unsigned mismatch
  Tile.cpp
  Vehicle.cpp
  WaterTile.cpp
  main.cpp
  Generating Code...
  CrossingRoad.vcxproj -> C:\Users\Nhat Quang\Documents\Projects\Github\OOP-Crossing-Road\CrossingRoad\Debug\CrossingRoad.exe
